#
# A fatal error has been detected by the Java Runtime Environment:
#
#  EXCEPTION_ACCESS_VIOLATION (0xc0000005) at pc=0x0000000073e809d5, pid=8548, tid=7500
#
# JRE version: Java(TM) SE Runtime Environment (8.0_05-b13) (build 1.8.0_05-b13)
# Java VM: Java HotSpot(TM) 64-Bit Server VM (25.5-b02 mixed mode windows-amd64 compressed oops)
# Problematic frame:
# V  [jvm.dll+0x3d09d5]
#
# Failed to write core dump. Minidumps are not enabled by default on client versions of Windows
#
# If you would like to submit a bug report, please visit:
#   http://bugreport.sun.com/bugreport/crash.jsp
#

---------------  T H R E A D  ---------------

Current thread (0x0000000002c8b800):  GCTaskThread [stack: 0x00000000126a0000,0x00000000127a0000] [id=7500]

siginfo: ExceptionCode=0xc0000005, reading address 0xffffffffffffffff

Registers:
RAX=0x0aec08040ae400f6, RBX=0x00000000ed04cf00, RCX=0x0000000003a00308, RDX=0x00000000154043c0
RSP=0x000000001279f6b0, RBP=0x0000000000004000, RSI=0x00000000154043c0, RDI=0x00000000f20d0000
R8 =0x00000000f20d0000, R9 =0x0000000003a00308, R10=0x0072007500670069, R11=0x00000000f20d0000
R12=0x000000007408aa80, R13=0x0072007500670069, R14=0x0000000000000000, R15=0x0000000002c8bb70
RIP=0x0000000073e809d5, EFLAGS=0x0000000000010207

Top of Stack: (sp=0x000000001279f6b0)
0x000000001279f6b0:   0072007500670071 0000000000004000
0x000000001279f6c0:   00000000154043c0 0000000073e81685
0x000000001279f6d0:   00000000f20b8000 0000000000001000
0x000000001279f6e0:   00000000154043c0 0000000073e7ba98
0x000000001279f6f0:   0000000000000000 0000000002c87e00
0x000000001279f700:   000000007408aa80 0000000073e80cd0
0x000000001279f710:   00000000f20b91c0 0000000000000000
0x000000001279f720:   00000000154043c0 00000000154043c0
0x000000001279f730:   00000000f20b91c0 0000000073e81685
0x000000001279f740:   0000000002c7e560 00000000154043c0
0x000000001279f750:   000000001214ee62 00000000c3dce818
0x000000001279f760:   00000000154043c0 0000000000000c00
0x000000001279f770:   0000000000000000 0000000000000000
0x000000001279f780:   000000001214f200 000000001766a800
0x000000001279f790:   000000001214f001 0000000073ca5301
0x000000001279f7a0:   0000f5bf87a4a020 000000001214f242 

Instructions: (pc=0x0000000073e809d5)
0x0000000073e809b5:   eb 04 4c 8b 4f 08 41 81 79 08 00 00 00 c0 0f 83
0x0000000073e809c5:   8d 00 00 00 49 8b 01 4c 8b c7 48 8b d6 49 8b c9
0x0000000073e809d5:   ff 90 10 01 00 00 eb 79 48 8b 03 24 03 3c 03 74
0x0000000073e809e5:   24 4c 8d 0d 0b 91 23 00 4c 8d 05 f4 91 23 00 48 


Register to memory mapping:

RAX=0x0aec08040ae400f6 is an unknown value
RBX=0x00000000ed04cf00 is an oop

[error occurred during error reporting (printing register info), id 0xc0000005]

Stack: [0x00000000126a0000,0x00000000127a0000],  sp=0x000000001279f6b0,  free space=1021k
Native frames: (J=compiled Java code, j=interpreted, Vv=VM code, C=native code)
V  [jvm.dll+0x3d09d5]
V  [jvm.dll+0x3d0cd0]
V  [jvm.dll+0x3d1685]
V  [jvm.dll+0x3d38f4]
V  [jvm.dll+0x3c253e]
V  [jvm.dll+0x27baca]
C  [msvcr100.dll+0x21d9f]
C  [msvcr100.dll+0x21e3b]
C  [KERNEL32.DLL+0x12d92]
C  [ntdll.dll+0x9f64]


---------------  P R O C E S S  ---------------

Java Threads: ( => current thread )
  0x0000000017677800 JavaThread "pool-4-thread-1" [_thread_blocked, id=2684, stack(0x0000000019640000,0x0000000019740000)]
  0x0000000017676800 JavaThread "Stdin handler" [_thread_blocked, id=7220, stack(0x0000000019540000,0x0000000019640000)]
  0x000000001766a800 JavaThread "Daemon worker Thread 28" [_thread_blocked, id=5820, stack(0x0000000019440000,0x0000000019540000)]
  0x0000000017671800 JavaThread "Cancel handler" [_thread_blocked, id=1788, stack(0x0000000019140000,0x0000000019240000)]
  0x000000001766a000 JavaThread "Handler for socket connection from /127.0.0.1:57517 to /127.0.0.1:55503" [_thread_in_native, id=7272, stack(0x0000000019040000,0x0000000019140000)]
  0x000000001766f000 JavaThread "Daemon Thread 28" [_thread_blocked, id=1584, stack(0x0000000001260000,0x0000000001360000)]
  0x0000000019c94800 JavaThread "File lock request listener" [_thread_in_native, id=8260, stack(0x000000001ab10000,0x000000001ac10000)]
  0x0000000017969800 JavaThread "Incoming local TCP Connector on port 57517" [_thread_in_native, id=2108, stack(0x0000000018e40000,0x0000000018f40000)]
  0x0000000016c95000 JavaThread "Service Thread" daemon [_thread_blocked, id=6336, stack(0x0000000017090000,0x0000000017190000)]
  0x000000001549d000 JavaThread "C1 CompilerThread2" daemon [_thread_blocked, id=4684, stack(0x0000000016b90000,0x0000000016c90000)]
  0x000000001543a000 JavaThread "C2 CompilerThread1" daemon [_thread_blocked, id=3612, stack(0x0000000016a90000,0x0000000016b90000)]
  0x0000000015449800 JavaThread "C2 CompilerThread0" daemon [_thread_blocked, id=5332, stack(0x0000000016990000,0x0000000016a90000)]
  0x0000000015447800 JavaThread "Attach Listener" daemon [_thread_blocked, id=6060, stack(0x0000000016890000,0x0000000016990000)]
  0x0000000015446000 JavaThread "Signal Dispatcher" daemon [_thread_blocked, id=4884, stack(0x0000000016790000,0x0000000016890000)]
  0x0000000002d65800 JavaThread "Finalizer" daemon [_thread_blocked, id=3780, stack(0x0000000016690000,0x0000000016790000)]
  0x0000000015408000 JavaThread "Reference Handler" daemon [_thread_blocked, id=7604, stack(0x0000000016590000,0x0000000016690000)]
  0x0000000002bce800 JavaThread "main" [_thread_blocked, id=2288, stack(0x0000000002ab0000,0x0000000002bb0000)]

Other Threads:
  0x0000000015405800 VMThread [stack: 0x0000000016490000,0x0000000016590000] [id=5904]
  0x0000000016c98000 WatcherThread [stack: 0x0000000017190000,0x0000000017290000] [id=5344]

=>0x0000000002c8b800 (exited) GCTaskThread [stack: 0x00000000126a0000,0x00000000127a0000] [id=7500]

VM state:at safepoint (normal execution)

VM Mutex/Monitor currently owned by a thread:  ([mutex/lock_event])
[0x0000000002bcd840] Threads_lock - owner thread: 0x0000000015405800
[0x0000000002bcdac0] Heap_lock - owner thread: 0x000000001766a800

Heap:
 PSYoungGen      total 134144K, used 118272K [0x00000000eab00000, 0x00000000f3d80000, 0x0000000100000000)
  eden space 118272K, 100% used [0x00000000eab00000,0x00000000f1e80000,0x00000000f1e80000)
  from space 15872K, 0% used [0x00000000f2e00000,0x00000000f2e00000,0x00000000f3d80000)
  to   space 15872K, 29% used [0x00000000f1e80000,0x00000000f231bbb0,0x00000000f2e00000)
 ParOldGen       total 89088K, used 63784K [0x00000000c0000000, 0x00000000c5700000, 0x00000000eab00000)
  object space 89088K, 71% used [0x00000000c0000000,0x00000000c3e4a320,0x00000000c5700000)
 Metaspace       used 66144K, capacity 74478K, committed 75904K, reserved 1114112K
  class space    used 9085K, capacity 11447K, committed 11904K, reserved 1048576K

Card table byte_map: [0x0000000012130000,0x0000000012340000] byte_map_base: 0x0000000011b30000

Marking Bits: (ParMarkBitMap*) 0x00000000742613b0
 Begin Bits: [0x00000000128a0000, 0x00000000138a0000)
 End Bits:   [0x00000000138a0000, 0x00000000148a0000)

Polling page: 0x0000000002bb0000

CodeCache: size=245760Kb used=51171Kb max_used=52421Kb free=194588Kb
 bounds [0x0000000002d70000, 0x0000000006140000, 0x0000000011d70000]
 total_blobs=13717 nmethods=13003 adapters=625
 compilation: enabled

Compilation events (10 events):
Event: 7848.853 Thread 0x000000001549d000 17348       3       com.google.common.collect.TransformedIterator::<init> (16 bytes)
Event: 7848.853 Thread 0x000000001549d000 nmethod 17348 0x0000000003e9f110 code [0x0000000003e9f280, 0x0000000003e9f568]
Event: 7848.860 Thread 0x000000001549d000 17349       3       com.android.build.gradle.internal.scope.VariantScope::getRClassSourceOutputDir (40 bytes)
Event: 7848.861 Thread 0x000000001549d000 nmethod 17349 0x0000000005a31c50 code [0x0000000005a31e40, 0x0000000005a326e8]
Event: 7848.879 Thread 0x000000001549d000 17350       1       org.gradle.api.internal.file.copy.DefaultCopySpec::access$300 (5 bytes)
Event: 7848.879 Thread 0x000000001549d000 nmethod 17350 0x0000000004299410 code [0x0000000004299560, 0x0000000004299650]
Event: 7848.879 Thread 0x000000001549d000 17351       1       org.gradle.api.internal.file.copy.DefaultCopySpec::getChildren (5 bytes)
Event: 7848.879 Thread 0x000000001549d000 nmethod 17351 0x0000000004cd4250 code [0x0000000004cd43a0, 0x0000000004cd44b0]
Event: 7848.880 Thread 0x0000000015449800 17352       4       org.gradle.api.internal.file.collections.FileTreeAdapter::resolve (12 bytes)
Event: 7848.890 Thread 0x0000000015449800 nmethod 17352 0x00000000052c24d0 code [0x00000000052c2640, 0x00000000052c2b98]

GC Heap History (10 events):
Event: 7118.437 GC heap after
Heap after GC invocations=111 (full 25):
 PSYoungGen      total 134656K, used 1648K [0x00000000eab00000, 0x00000000f3f00000, 0x0000000100000000)
  eden space 117760K, 0% used [0x00000000eab00000,0x00000000eab00000,0x00000000f1e00000)
  from space 16896K, 9% used [0x00000000f2e80000,0x00000000f301c010,0x00000000f3f00000)
  to   space 16896K, 0% used [0x00000000f1e00000,0x00000000f1e00000,0x00000000f2e80000)
 ParOldGen       total 89088K, used 66913K [0x00000000c0000000, 0x00000000c5700000, 0x00000000eab00000)
  object space 89088K, 75% used [0x00000000c0000000,0x00000000c4158570,0x00000000c5700000)
 Metaspace       used 66039K, capacity 74234K, committed 75520K, reserved 1114112K
  class space    used 9076K, capacity 11372K, committed 11776K, reserved 1048576K
}
Event: 7118.437 GC heap before
{Heap before GC invocations=112 (full 26):
 PSYoungGen      total 134656K, used 1648K [0x00000000eab00000, 0x00000000f3f00000, 0x0000000100000000)
  eden space 117760K, 0% used [0x00000000eab00000,0x00000000eab00000,0x00000000f1e00000)
  from space 16896K, 9% used [0x00000000f2e80000,0x00000000f301c010,0x00000000f3f00000)
  to   space 16896K, 0% used [0x00000000f1e00000,0x00000000f1e00000,0x00000000f2e80000)
 ParOldGen       total 89088K, used 66913K [0x00000000c0000000, 0x00000000c5700000, 0x00000000eab00000)
  object space 89088K, 75% used [0x00000000c0000000,0x00000000c4158570,0x00000000c5700000)
 Metaspace       used 66039K, capacity 74234K, committed 75520K, reserved 1114112K
  class space    used 9076K, capacity 11372K, committed 11776K, reserved 1048576K
Event: 7118.815 GC heap after
Heap after GC invocations=112 (full 26):
 PSYoungGen      total 134656K, used 0K [0x00000000eab00000, 0x00000000f3f00000, 0x0000000100000000)
  eden space 117760K, 0% used [0x00000000eab00000,0x00000000eab00000,0x00000000f1e00000)
  from space 16896K, 0% used [0x00000000f2e80000,0x00000000f2e80000,0x00000000f3f00000)
  to   space 16896K, 0% used [0x00000000f1e00000,0x00000000f1e00000,0x00000000f2e80000)
 ParOldGen       total 89088K, used 65234K [0x00000000c0000000, 0x00000000c5700000, 0x00000000eab00000)
  object space 89088K, 73% used [0x00000000c0000000,0x00000000c3fb4938,0x00000000c5700000)
 Metaspace       used 66039K, capacity 74234K, committed 75520K, reserved 1114112K
  class space    used 9076K, capacity 11372K, committed 11776K, reserved 1048576K
}
Event: 7722.667 GC heap before
{Heap before GC invocations=113 (full 26):
 PSYoungGen      total 134656K, used 117760K [0x00000000eab00000, 0x00000000f3f00000, 0x0000000100000000)
  eden space 117760K, 100% used [0x00000000eab00000,0x00000000f1e00000,0x00000000f1e00000)
  from space 16896K, 0% used [0x00000000f2e80000,0x00000000f2e80000,0x00000000f3f00000)
  to   space 16896K, 0% used [0x00000000f1e00000,0x00000000f1e00000,0x00000000f2e80000)
 ParOldGen       total 89088K, used 65234K [0x00000000c0000000, 0x00000000c5700000, 0x00000000eab00000)
  object space 89088K, 73% used [0x00000000c0000000,0x00000000c3fb4938,0x00000000c5700000)
 Metaspace       used 66174K, capacity 74526K, committed 75776K, reserved 1114112K
  class space    used 9092K, capacity 11440K, committed 11776K, reserved 1048576K
Event: 7722.674 GC heap after
Heap after GC invocations=113 (full 26):
 PSYoungGen      total 120832K, used 2592K [0x00000000eab00000, 0x00000000f3d80000, 0x0000000100000000)
  eden space 117760K, 0% used [0x00000000eab00000,0x00000000eab00000,0x00000000f1e00000)
  from space 3072K, 84% used [0x00000000f1e00000,0x00000000f2088040,0x00000000f2100000)
  to   space 15872K, 0% used [0x00000000f2e00000,0x00000000f2e00000,0x00000000f3d80000)
 ParOldGen       total 89088K, used 65242K [0x00000000c0000000, 0x00000000c5700000, 0x00000000eab00000)
  object space 89088K, 73% used [0x00000000c0000000,0x00000000c3fb6938,0x00000000c5700000)
 Metaspace       used 66174K, capacity 74526K, committed 75776K, reserved 1114112K
  class space    used 9092K, capacity 11440K, committed 11776K, reserved 1048576K
}
Event: 7723.993 GC heap before
{Heap before GC invocations=114 (full 26):
 PSYoungGen      total 120832K, used 68630K [0x00000000eab00000, 0x00000000f3d80000, 0x0000000100000000)
  eden space 117760K, 56% used [0x00000000eab00000,0x00000000eeb7db88,0x00000000f1e00000)
  from space 3072K, 84% used [0x00000000f1e00000,0x00000000f2088040,0x00000000f2100000)
  to   space 15872K, 0% used [0x00000000f2e00000,0x00000000f2e00000,0x00000000f3d80000)
 ParOldGen       total 89088K, used 65242K [0x00000000c0000000, 0x00000000c5700000, 0x00000000eab00000)
  object space 89088K, 73% used [0x00000000c0000000,0x00000000c3fb6938,0x00000000c5700000)
 Metaspace       used 66188K, capacity 74526K, committed 75776K, reserved 1114112K
  class space    used 9092K, capacity 11440K, committed 11776K, reserved 1048576K
Event: 7723.996 GC heap after
Heap after GC invocations=114 (full 26):
 PSYoungGen      total 134144K, used 800K [0x00000000eab00000, 0x00000000f3d80000, 0x0000000100000000)
  eden space 118272K, 0% used [0x00000000eab00000,0x00000000eab00000,0x00000000f1e80000)
  from space 15872K, 5% used [0x00000000f2e00000,0x00000000f2ec8000,0x00000000f3d80000)
  to   space 15872K, 0% used [0x00000000f1e80000,0x00000000f1e80000,0x00000000f2e00000)
 ParOldGen       total 89088K, used 65250K [0x00000000c0000000, 0x00000000c5700000, 0x00000000eab00000)
  object space 89088K, 73% used [0x00000000c0000000,0x00000000c3fb8938,0x00000000c5700000)
 Metaspace       used 66188K, capacity 74526K, committed 75776K, reserved 1114112K
  class space    used 9092K, capacity 11440K, committed 11776K, reserved 1048576K
}
Event: 7723.996 GC heap before
{Heap before GC invocations=115 (full 27):
 PSYoungGen      total 134144K, used 800K [0x00000000eab00000, 0x00000000f3d80000, 0x0000000100000000)
  eden space 118272K, 0% used [0x00000000eab00000,0x00000000eab00000,0x00000000f1e80000)
  from space 15872K, 5% used [0x00000000f2e00000,0x00000000f2ec8000,0x00000000f3d80000)
  to   space 15872K, 0% used [0x00000000f1e80000,0x00000000f1e80000,0x00000000f2e00000)
 ParOldGen       total 89088K, used 65250K [0x00000000c0000000, 0x00000000c5700000, 0x00000000eab00000)
  object space 89088K, 73% used [0x00000000c0000000,0x00000000c3fb8938,0x00000000c5700000)
 Metaspace       used 66188K, capacity 74526K, committed 75776K, reserved 1114112K
  class space    used 9092K, capacity 11440K, committed 11776K, reserved 1048576K
Event: 7724.460 GC heap after
Heap after GC invocations=115 (full 27):
 PSYoungGen      total 134144K, used 0K [0x00000000eab00000, 0x00000000f3d80000, 0x0000000100000000)
  eden space 118272K, 0% used [0x00000000eab00000,0x00000000eab00000,0x00000000f1e80000)
  from space 15872K, 0% used [0x00000000f2e00000,0x00000000f2e00000,0x00000000f3d80000)
  to   space 15872K, 0% used [0x00000000f1e80000,0x00000000f1e80000,0x00000000f2e00000)
 ParOldGen       total 89088K, used 63776K [0x00000000c0000000, 0x00000000c5700000, 0x00000000eab00000)
  object space 89088K, 71% used [0x00000000c0000000,0x00000000c3e48320,0x00000000c5700000)
 Metaspace       used 66085K, capacity 74358K, committed 75776K, reserved 1114112K
  class space    used 9077K, capacity 11412K, committed 11776K, reserved 1048576K
}
Event: 7848.973 GC heap before
{Heap before GC invocations=116 (full 27):
 PSYoungGen      total 134144K, used 118272K [0x00000000eab00000, 0x00000000f3d80000, 0x0000000100000000)
  eden space 118272K, 100% used [0x00000000eab00000,0x00000000f1e80000,0x00000000f1e80000)
  from space 15872K, 0% used [0x00000000f2e00000,0x00000000f2e00000,0x00000000f3d80000)
  to   space 15872K, 0% used [0x00000000f1e80000,0x00000000f1e80000,0x00000000f2e00000)
 ParOldGen       total 89088K, used 63776K [0x00000000c0000000, 0x00000000c5700000, 0x00000000eab00000)
  object space 89088K, 71% used [0x00000000c0000000,0x00000000c3e48320,0x00000000c5700000)
 Metaspace       used 66144K, capacity 74478K, committed 75904K, reserved 1114112K
  class space    used 9085K, capacity 11447K, committed 11904K, reserved 1048576K

Deoptimization events (10 events):
Event: 7724.465 Thread 0x000000001766f000 Uncommon trap: reason=class_check action=maybe_recompile pc=0x000000000492a4d0 method=java.lang.reflect.Array.newInstance(Ljava/lang/Class;I)Ljava/lang/Object; @ 2
Event: 7846.218 Thread 0x000000001766f000 Uncommon trap: reason=class_check action=maybe_recompile pc=0x000000000492a4d0 method=java.lang.reflect.Array.newInstance(Ljava/lang/Class;I)Ljava/lang/Object; @ 2
Event: 7846.718 Thread 0x000000001766a800 Uncommon trap: reason=class_check action=maybe_recompile pc=0x0000000004c58ed8 method=com.sun.org.apache.xerces.internal.impl.XMLDocumentScannerImpl.reset(Lcom/sun/org/apache/xerces/internal/xni/parser/XMLComponentManager;)V @ 35
Event: 7846.718 Thread 0x000000001766a800 Uncommon trap: reason=class_check action=maybe_recompile pc=0x000000000587a69c method=com.sun.org.apache.xerces.internal.impl.dtd.XMLDTDValidator.reset(Lcom/sun/org/apache/xerces/internal/xni/parser/XMLComponentManager;)V @ 70
Event: 7846.718 Thread 0x000000001766a800 Uncommon trap: reason=class_check action=maybe_recompile pc=0x0000000004c58ed8 method=com.sun.org.apache.xerces.internal.impl.XMLDocumentScannerImpl.reset(Lcom/sun/org/apache/xerces/internal/xni/parser/XMLComponentManager;)V @ 35
Event: 7846.718 Thread 0x000000001766a800 Uncommon trap: reason=class_check action=maybe_recompile pc=0x000000000587a69c method=com.sun.org.apache.xerces.internal.impl.dtd.XMLDTDValidator.reset(Lcom/sun/org/apache/xerces/internal/xni/parser/XMLComponentManager;)V @ 70
Event: 7846.719 Thread 0x000000001766a800 Uncommon trap: reason=class_check action=maybe_recompile pc=0x0000000004c58ed8 method=com.sun.org.apache.xerces.internal.impl.XMLDocumentScannerImpl.reset(Lcom/sun/org/apache/xerces/internal/xni/parser/XMLComponentManager;)V @ 35
Event: 7846.719 Thread 0x000000001766a800 Uncommon trap: reason=class_check action=maybe_recompile pc=0x000000000587a69c method=com.sun.org.apache.xerces.internal.impl.dtd.XMLDTDValidator.reset(Lcom/sun/org/apache/xerces/internal/xni/parser/XMLComponentManager;)V @ 70
Event: 7846.719 Thread 0x000000001766a800 Uncommon trap: reason=class_check action=maybe_recompile pc=0x0000000004c58ed8 method=com.sun.org.apache.xerces.internal.impl.XMLDocumentScannerImpl.reset(Lcom/sun/org/apache/xerces/internal/xni/parser/XMLComponentManager;)V @ 35
Event: 7846.719 Thread 0x000000001766a800 Uncommon trap: reason=class_check action=maybe_recompile pc=0x000000000587a69c method=com.sun.org.apache.xerces.internal.impl.dtd.XMLDTDValidator.reset(Lcom/sun/org/apache/xerces/internal/xni/parser/XMLComponentManager;)V @ 70

Internal exceptions (10 events):
Event: 7846.299 Thread 0x000000001766a800 Exception <a 'java/security/PrivilegedActionException'> (0x00000000eb12d1d0) thrown at [D:\re\workspace\8-2-build-windows-amd64-cygwin\jdk8u5\2488\hotspot\src\share\vm\prims\jvm.cpp, line 1248]
Event: 7846.299 Thread 0x000000001766a800 Exception <a 'java/security/PrivilegedActionException'> (0x00000000eb12e660) thrown at [D:\re\workspace\8-2-build-windows-amd64-cygwin\jdk8u5\2488\hotspot\src\share\vm\prims\jvm.cpp, line 1248]
Event: 7846.299 Thread 0x000000001766a800 Exception <a 'java/security/PrivilegedActionException'> (0x00000000eb137a80) thrown at [D:\re\workspace\8-2-build-windows-amd64-cygwin\jdk8u5\2488\hotspot\src\share\vm\prims\jvm.cpp, line 1248]
Event: 7846.299 Thread 0x000000001766a800 Exception <a 'java/security/PrivilegedActionException'> (0x00000000eb13a668) thrown at [D:\re\workspace\8-2-build-windows-amd64-cygwin\jdk8u5\2488\hotspot\src\share\vm\prims\jvm.cpp, line 1248]
Event: 7846.300 Thread 0x000000001766a800 Exception <a 'java/security/PrivilegedActionException'> (0x00000000eb13fc70) thrown at [D:\re\workspace\8-2-build-windows-amd64-cygwin\jdk8u5\2488\hotspot\src\share\vm\prims\jvm.cpp, line 1248]
Event: 7846.300 Thread 0x000000001766a800 Exception <a 'java/security/PrivilegedActionException'> (0x00000000eb1414a0) thrown at [D:\re\workspace\8-2-build-windows-amd64-cygwin\jdk8u5\2488\hotspot\src\share\vm\prims\jvm.cpp, line 1248]
Event: 7846.300 Thread 0x000000001766a800 Exception <a 'java/security/PrivilegedActionException'> (0x00000000eb14b468) thrown at [D:\re\workspace\8-2-build-windows-amd64-cygwin\jdk8u5\2488\hotspot\src\share\vm\prims\jvm.cpp, line 1248]
Event: 7847.676 Thread 0x000000001766a800 Exception <a 'java/security/PrivilegedActionException'> (0x00000000f1268290) thrown at [D:\re\workspace\8-2-build-windows-amd64-cygwin\jdk8u5\2488\hotspot\src\share\vm\prims\jvm.cpp, line 1248]
Event: 7847.676 Thread 0x000000001766a800 Exception <a 'java/security/PrivilegedActionException'> (0x00000000f1269500) thrown at [D:\re\workspace\8-2-build-windows-amd64-cygwin\jdk8u5\2488\hotspot\src\share\vm\prims\jvm.cpp, line 1248]
Event: 7847.676 Thread 0x000000001766a800 Exception <a 'java/security/PrivilegedActionException'> (0x00000000f12737d0) thrown at [D:\re\workspace\8-2-build-windows-amd64-cygwin\jdk8u5\2488\hotspot\src\share\vm\prims\jvm.cpp, line 1248]

Events (10 events):
Event: 7848.786 Executing VM operation: RevokeBias done
Event: 7848.786 Executing VM operation: RevokeBias
Event: 7848.786 Executing VM operation: RevokeBias done
Event: 7848.787 Executing VM operation: RevokeBias
Event: 7848.787 Executing VM operation: RevokeBias done
Event: 7848.787 Thread 0x000000001888e000 Thread exited: 0x000000001888e000
Event: 7848.787 Thread 0x0000000017678000 Thread exited: 0x0000000017678000
Event: 7848.787 Thread 0x000000001888f000 Thread exited: 0x000000001888f000
Event: 7848.787 Thread 0x000000001888d800 Thread exited: 0x000000001888d800
Event: 7848.973 Executing VM operation: ParallelGCFailedAllocation


Dynamic libraries:
0x00007ff709ae0000 - 0x00007ff709b14000 	C:\Program Files\Java\jdk1.8.0_05\bin\java.exe
0x00007ff9ea7f0000 - 0x00007ff9ea9b1000 	C:\WINDOWS\SYSTEM32\ntdll.dll
0x00007ff9ea740000 - 0x00007ff9ea7ed000 	C:\WINDOWS\system32\KERNEL32.DLL
0x00007ff9e7ce0000 - 0x00007ff9e7ebd000 	C:\WINDOWS\system32\KERNELBASE.dll
0x00007ff9e84a0000 - 0x00007ff9e8546000 	C:\WINDOWS\system32\ADVAPI32.dll
0x00007ff9e9ef0000 - 0x00007ff9e9f8d000 	C:\WINDOWS\system32\msvcrt.dll
0x00007ff9e7ec0000 - 0x00007ff9e7f1b000 	C:\WINDOWS\system32\sechost.dll
0x00007ff9e8550000 - 0x00007ff9e8676000 	C:\WINDOWS\system32\RPCRT4.dll
0x00007ff9e9ff0000 - 0x00007ff9ea13e000 	C:\WINDOWS\system32\USER32.dll
0x00007ff9e8680000 - 0x00007ff9e8806000 	C:\WINDOWS\system32\GDI32.dll
0x00007ff9de200000 - 0x00007ff9de474000 	C:\WINDOWS\WinSxS\amd64_microsoft.windows.common-controls_6595b64144ccf1df_6.0.10240.16384_none_f41f7b285750ef43\COMCTL32.dll
0x00007ff9e83e0000 - 0x00007ff9e8416000 	C:\WINDOWS\system32\IMM32.DLL
0x00007ff9e8210000 - 0x00007ff9e836c000 	C:\WINDOWS\system32\MSCTF.dll
0x0000000073940000 - 0x0000000073a12000 	C:\Program Files\Java\jdk1.8.0_05\jre\bin\msvcr100.dll
0x0000000073ab0000 - 0x00000000742da000 	C:\Program Files\Java\jdk1.8.0_05\jre\bin\server\jvm.dll
0x00007ff9ea720000 - 0x00007ff9ea728000 	C:\WINDOWS\system32\PSAPI.DLL
0x00007ff9e1460000 - 0x00007ff9e1469000 	C:\WINDOWS\SYSTEM32\WSOCK32.dll
0x00007ff9ea260000 - 0x00007ff9ea2c9000 	C:\WINDOWS\system32\WS2_32.dll
0x00007ff9e83d0000 - 0x00007ff9e83d8000 	C:\WINDOWS\system32\NSI.dll
0x00007ff9e5870000 - 0x00007ff9e5893000 	C:\WINDOWS\SYSTEM32\WINMM.dll
0x00007ff9e56d0000 - 0x00007ff9e56fc000 	C:\WINDOWS\SYSTEM32\WINMMBASE.dll
0x00007ff9e7430000 - 0x00007ff9e7474000 	C:\WINDOWS\system32\cfgmgr32.dll
0x00007ff9e5af0000 - 0x00007ff9e5b17000 	C:\WINDOWS\SYSTEM32\DEVOBJ.dll
0x0000000073aa0000 - 0x0000000073aaf000 	C:\Program Files\Java\jdk1.8.0_05\jre\bin\verify.dll
0x0000000073a70000 - 0x0000000073a98000 	C:\Program Files\Java\jdk1.8.0_05\jre\bin\java.dll
0x0000000073a50000 - 0x0000000073a66000 	C:\Program Files\Java\jdk1.8.0_05\jre\bin\zip.dll
0x00007ff9e8810000 - 0x00007ff9e9d32000 	C:\WINDOWS\system32\SHELL32.dll
0x00007ff9e7480000 - 0x00007ff9e7aa9000 	C:\WINDOWS\system32\windows.storage.dll
0x00007ff9ea4a0000 - 0x00007ff9ea71c000 	C:\WINDOWS\system32\combase.dll
0x00007ff9e9f90000 - 0x00007ff9e9fe1000 	C:\WINDOWS\system32\shlwapi.dll
0x00007ff9e7290000 - 0x00007ff9e729f000 	C:\WINDOWS\system32\kernel.appcore.dll
0x00007ff9e72c0000 - 0x00007ff9e7373000 	C:\WINDOWS\system32\shcore.dll
0x00007ff9e7220000 - 0x00007ff9e726a000 	C:\WINDOWS\system32\powrprof.dll
0x00007ff9e72a0000 - 0x00007ff9e72b3000 	C:\WINDOWS\system32\profapi.dll
0x0000000074460000 - 0x000000007447a000 	C:\Program Files\Java\jdk1.8.0_05\jre\bin\net.dll
0x00007ff9e6a90000 - 0x00007ff9e6aed000 	C:\WINDOWS\system32\mswsock.dll
0x0000000074440000 - 0x0000000074451000 	C:\Program Files\Java\jdk1.8.0_05\jre\bin\nio.dll
0x00007ff9e13d0000 - 0x00007ff9e13e2000 	C:\Users\Randall\.gradle\native\19\windows-amd64\native-platform.dll
0x00007ff9e4dc0000 - 0x00007ff9e4df8000 	C:\WINDOWS\SYSTEM32\IPHLPAPI.DLL
0x00007ff9e4c80000 - 0x00007ff9e4c8b000 	C:\WINDOWS\SYSTEM32\WINNSI.DLL
0x00007ff9e3590000 - 0x00007ff9e35a6000 	C:\WINDOWS\SYSTEM32\dhcpcsvc6.DLL
0x00007ff9e3420000 - 0x00007ff9e343a000 	C:\WINDOWS\SYSTEM32\dhcpcsvc.DLL
0x00007ff9e6af0000 - 0x00007ff9e6b07000 	C:\WINDOWS\SYSTEM32\CRYPTSP.dll
0x00007ff9e7150000 - 0x00007ff9e7178000 	C:\WINDOWS\SYSTEM32\bcrypt.dll
0x00007ff9e6740000 - 0x00007ff9e6773000 	C:\WINDOWS\system32\rsaenh.dll
0x00007ff9e6870000 - 0x00007ff9e688f000 	C:\WINDOWS\SYSTEM32\USERENV.dll
0x00007ff9e7040000 - 0x00007ff9e70ab000 	C:\WINDOWS\system32\bcryptprimitives.dll
0x00007ff9e6c60000 - 0x00007ff9e6c6b000 	C:\WINDOWS\SYSTEM32\CRYPTBASE.dll
0x00000000743e0000 - 0x00000000743ed000 	C:\Program Files\Java\jdk1.8.0_05\jre\bin\management.dll
0x00007ff9e58d0000 - 0x00007ff9e5948000 	C:\WINDOWS\system32\apphelp.dll
0x00007ff9df5d0000 - 0x00007ff9df75a000 	C:\WINDOWS\SYSTEM32\dbghelp.dll

VM Arguments:
jvm_args: -XX:MaxPermSize=256m -XX:+HeapDumpOnOutOfMemoryError -Xmx1024m -Dfile.encoding=windows-1252 -Duser.country=ES -Duser.language=es -Duser.variant 
java_command: org.gradle.launcher.daemon.bootstrap.GradleDaemon 2.4 C:\Users\Randall\.gradle C:\Users\Randall\.gradle\daemon 10800000 24596dbe-853f-40fc-bcd2-7b77aaf88252 -XX:MaxPermSize=256m -XX:+HeapDumpOnOutOfMemoryError -Xmx1024m -Dfile.encoding=windows-1252 -Duser.country=ES -Duser.language=es -Duser.variant
java_class_path (initial): C:\Users\Randall\.gradle\wrapper\dists\gradle-2.4-all\6r4uqcc6ovnq6ac6s0txzcpc0\gradle-2.4\lib\gradle-launcher-2.4.jar
Launcher Type: SUN_STANDARD

Environment Variables:
PATH=C:\Program Files\Java\jdk1.8.0_05\bin;C:\ProgramData\Oracle\Java\javapath;C:\WINDOWS\system32;C:\WINDOWS;C:\WINDOWS\System32\Wbem;C:\WINDOWS\System32\WindowsPowerShell\v1.0\;C:\Program Files (x86)\Windows Kits\8.1\Windows Performance Toolkit\;C:\Program Files\Microsoft SQL Server\110\Tools\Binn\;C:\Program Files\Microsoft SQL Server\120\DTS\Binn\;C:\Program Files\Microsoft SQL Server\Client SDK\ODBC\110\Tools\Binn\;C:\Program Files (x86)\Microsoft SQL Server\120\Tools\Binn\;C:\Program Files\Microsoft SQL Server\120\Tools\Binn\;C:\Program Files (x86)\Microsoft SQL Server\120\Tools\Binn\ManagementStudio\;C:\Program Files (x86)\Microsoft SQL Server\120\DTS\Binn\;C:\Program Files (x86)\Intel\OpenCL SDK\2.0\bin\x86;C:\Program Files (x86)\Intel\OpenCL SDK\2.0\bin\x64;C:\Program Files (x86)\Microsoft SDKs\TypeScript\1.0\;C:\Program Files\Microsoft\Web Platform Installer\;C:\Program Files (x86)\Skype\Phone\;C:\Users\Randall\AppData\Local\Code\bin;C:\Users\Randall\Desktop\Arduinocosas\;C:\Program Files\Intel\WiFi\bin\;C:\Program Files\Common Files\Intel\WirelessCommon\;C:\Program Files\cURL\bin;C:\Python27\;C:\Python27\Scripts;C:\WINDOWS\Microsoft.NET\Framework\v3.5;C:\Users\Randall\AppData\Local\Code\bin;C:\Users\Randall\Desktop\Arduinocosas\;C:\Program Files\Intel\WiFi\bin\;C:\Program Files\Common Files\Intel\WirelessCommon\
USERNAME=Randall
OS=Windows_NT
PROCESSOR_IDENTIFIER=Intel64 Family 6 Model 42 Stepping 7, GenuineIntel



---------------  S Y S T E M  ---------------

OS: Windows 8.1 , 64 bit Build 9600 

CPU:total 4 (2 cores per cpu, 2 threads per core) family 6 model 42 stepping 7, cmov, cx8, fxsr, mmx, sse, sse2, sse3, ssse3, sse4.1, sse4.2, popcnt, avx, aes, clmul, ht, tsc, tscinvbit

Memory: 4k page, physical 8297220k(1644224k free), swap 10417140k(1964296k free)

vm_info: Java HotSpot(TM) 64-Bit Server VM (25.5-b02) for windows-amd64 JRE (1.8.0_05-b13), built on Mar 18 2014 01:08:39 by "java_re" with MS VC++ 10.0 (VS2010)

time: Wed Sep 23 01:08:21 2015
elapsed time: 7849 seconds

